<?xml version="1.0" encoding="UTF-8" ?>
<testsuite tests="12" failures="0" name="com.dawud.EnronEmailDataTest" time="4.805" errors="0" skipped="2">
  <properties>
[...]
</properties>
  <testcase classname="com.dawud.EnronEmailDataTest" name="testAction_getWordCountAttachmentsExclusion" time="3.135"/>
  <testcase classname="com.dawud.EnronEmailDataTest" name="testTransform_extractEmailToAddresses" time="0"/>
  <testcase classname="com.dawud.EnronEmailDataTest" name="testTransform_stripOriginalMessageHead" time="0.006"/>
  <testcase classname="com.dawud.EnronEmailDataTest" name="testActiong_getWordCountNumbersExclusion" time="0"/>
  <testcase classname="com.dawud.EnronEmailDataTest" name="testGetFilteredFileList" time="0">
    <skipped/>
  </testcase>
  <testcase classname="com.dawud.EnronEmailDataTest" name="testAction_getWordCountJunkTextExclusion" time="0"/>
  <testcase classname="com.dawud.EnronEmailDataTest" name="action_GetTop100Emails" time="1.51"/>
  <testcase classname="com.dawud.EnronEmailDataTest" name="testTransform_stripHeaders" time="0"/>
  <testcase classname="com.dawud.EnronEmailDataTest" name="testAction_wordLengthAverage" time="0.148"/>
  <testcase classname="com.dawud.EnronEmailDataTest" name="testTransform_extractEmailCcAddresses" time="0.006"/>
  <testcase classname="com.dawud.EnronEmailDataTest" name="testAction_getWordCount" time="0"/>
  <testcase classname="com.dawud.EnronEmailDataTest" name="testOpenReceivedMessageFolder" time="0">
    <skipped/>
  </testcase>
</testsuite>